input/instancia1.BPP 3 0.053
input/instancia.BPP 4 0.015
input/N1C1W1_A.BPP 25 0.717
input/N1C1W1_B.BPP 31 0.329
input/N1C1W1_C.BPP 20 0.662
input/N1C1W1_D.BPP 28 0.460
input/N1C1W1_E.BPP 26 0.449
input/N1C1W1_F.BPP 27 0.383
input/N1C1W1_G.BPP 25 0.479
input/N1C1W1_H.BPP 31 0.352
input/N1C1W1_I.BPP 25 0.613
input/N1C1W1_J.BPP 26 0.450
input/N1C1W1_K.BPP 26 0.529
input/N1C1W1_L.BPP 33 0.273
input/N1C1W1_M.BPP 30 0.333
input/N1C1W1_N.BPP 25 0.924
input/N1C1W1_O.BPP 32 0.268
input/N1C1W1_P.BPP 26 0.343
input/N1C1W1_Q.BPP 28 0.274
input/N1C1W1_R.BPP 25 0.465
input/N1C1W1_S.BPP 28 0.333
input/N1C1W1_T.BPP 28 0.298
input/N1C1W2_A.BPP 29 0.354
input/N1C1W2_B.BPP 30 0.283
input/N1C1W2_C.BPP 33 0.268
input/N1C1W2_D.BPP 31 0.232
input/N1C1W2_E.BPP 36 0.211
input/N1C1W2_F.BPP 30 0.386
input/N1C1W2_G.BPP 30 0.315
input/N1C1W2_H.BPP 33 0.166
input/N1C1W2_I.BPP 35 0.162
input/N1C1W2_J.BPP 34 0.256
input/N1C1W2_K.BPP 35 0.159
input/N1C1W2_L.BPP 31 0.215
input/N1C1W2_M.BPP 30 0.230
input/N1C1W2_N.BPP 33 0.263
input/N1C1W2_O.BPP 29 0.342
input/N1C1W2_P.BPP 33 0.251
input/N1C1W2_Q.BPP 36 0.129
input/N1C1W2_R.BPP 34 0.173
input/N1C1W2_S.BPP 37 0.134
input/N1C1W2_T.BPP 38 0.179
input/N1C1W4_A.BPP 35 0.206
input/N1C1W4_B.BPP 40 0.117
input/N1C1W4_C.BPP 36 0.227
input/N1C1W4_D.BPP 38 0.175
input/N1C1W4_E.BPP 38 0.139
input/N1C1W4_F.BPP 32 0.175
input/N1C1W4_G.BPP 37 0.137
input/N1C1W4_H.BPP 40 0.170
input/N1C1W4_I.BPP 35 0.172
input/N1C1W4_J.BPP 37 0.179
input/N1C1W4_K.BPP 41 0.130
input/N1C1W4_L.BPP 35 0.215
input/N1C1W4_M.BPP 41 0.114
input/N1C1W4_N.BPP 39 0.157
input/N1C1W4_O.BPP 34 0.252
input/N1C1W4_P.BPP 38 0.193
input/N1C1W4_Q.BPP 34 0.222
input/N1C1W4_R.BPP 38 0.160
input/N1C1W4_S.BPP 36 0.173
input/N1C1W4_T.BPP 42 0.107
input/N1C2W1_A.BPP 21 0.693
input/N1C2W1_B.BPP 26 0.489
input/N1C2W1_C.BPP 23 0.481
input/N1C2W1_D.BPP 21 0.402
input/N1C2W1_E.BPP 17 0.886
input/N1C2W1_F.BPP 22 0.611
input/N1C2W1_G.BPP 21 1.146
input/N1C2W1_H.BPP 23 0.497
input/N1C2W1_I.BPP 27 0.273
input/N1C2W1_J.BPP 27 0.384
input/N1C2W1_K.BPP 24 0.343
input/N1C2W1_L.BPP 25 0.491
input/N1C2W1_M.BPP 26 0.309
input/N1C2W1_N.BPP 21 1.553
input/N1C2W1_O.BPP 15 2.120
input/N1C2W1_P.BPP 21 0.566
input/N1C2W1_Q.BPP 24 0.428
input/N1C2W1_R.BPP 23 0.531
input/N1C2W1_S.BPP 22 1.267
input/N1C2W1_T.BPP 22 0.429
input/N1C2W2_A.BPP 24 0.430
input/N1C2W2_B.BPP 27 0.258
input/N1C2W2_C.BPP 29 0.224
input/N1C2W2_D.BPP 24 0.438
input/N1C2W2_E.BPP 33 0.188
input/N1C2W2_F.BPP 26 0.392
input/N1C2W2_G.BPP 29 0.253
input/N1C2W2_H.BPP 23 0.494
input/N1C2W2_I.BPP 25 0.288
input/N1C2W2_J.BPP 25 0.297
input/N1C2W2_K.BPP 29 0.216
input/N1C2W2_L.BPP 30 0.186
input/N1C2W2_M.BPP 30 0.245
input/N1C2W2_N.BPP 26 0.323
input/N1C2W2_O.BPP 29 0.242
input/N1C2W2_P.BPP 23 0.491
input/N1C2W2_Q.BPP 30 0.276
input/N1C2W2_R.BPP 25 0.395
input/N1C2W2_S.BPP 24 0.484
input/N1C2W2_T.BPP 26 0.424
input/N1C2W4_A.BPP 29 0.230
input/N1C2W4_B.BPP 32 0.202
input/N1C2W4_C.BPP 30 0.298
input/N1C2W4_D.BPP 28 0.363
input/N1C2W4_E.BPP 30 0.194
input/N1C2W4_F.BPP 32 0.303
input/N1C2W4_G.BPP 30 0.319
input/N1C2W4_H.BPP 30 0.199
input/N1C2W4_I.BPP 35 0.252
input/N1C2W4_J.BPP 30 0.416
input/N1C2W4_K.BPP 32 0.256
input/N1C2W4_L.BPP 31 0.271
input/N1C2W4_M.BPP 31 0.211
input/N1C2W4_N.BPP 32 0.229
input/N1C2W4_O.BPP 30 0.241
input/N1C2W4_P.BPP 28 0.268
input/N1C2W4_Q.BPP 33 0.321
input/N1C2W4_R.BPP 35 0.198
input/N1C2W4_S.BPP 38 0.106
input/N1C2W4_T.BPP 29 0.245
input/N1C3W1_A.BPP 16 1.834
input/N1C3W1_B.BPP 16 1.983
input/N1C3W1_C.BPP 17 2.049
input/N1C3W1_D.BPP 19 2.110
input/N1C3W1_E.BPP 16 2.173
input/N1C3W1_F.BPP 20 0.984
input/N1C3W1_G.BPP 15 2.432
input/N1C3W1_H.BPP 19 1.778
input/N1C3W1_I.BPP 17 2.607
input/N1C3W1_J.BPP 16 2.405
input/N1C3W1_K.BPP 17 2.356
input/N1C3W1_L.BPP 17 1.967
input/N1C3W1_M.BPP 17 2.822
input/N1C3W1_N.BPP 20 1.571
input/N1C3W1_O.BPP 16 1.148
input/N1C3W1_P.BPP 19 2.396
input/N1C3W1_Q.BPP 20 1.167
input/N1C3W1_R.BPP 21 1.287
input/N1C3W1_S.BPP 16 2.366
input/N1C3W1_T.BPP 18 2.548
input/N1C3W2_A.BPP 19 2.021
input/N1C3W2_B.BPP 20 1.506
input/N1C3W2_C.BPP 22 0.378
input/N1C3W2_D.BPP 20 1.480
input/N1C3W2_E.BPP 21 1.653
input/N1C3W2_F.BPP 23 0.561
input/N1C3W2_G.BPP 23 0.800
input/N1C3W2_H.BPP 23 0.873
input/N1C3W2_I.BPP 19 2.137
input/N1C3W2_J.BPP 22 1.139
input/N1C3W2_K.BPP 21 1.239
input/N1C3W2_L.BPP 21 1.381
input/N1C3W2_M.BPP 21 1.361
input/N1C3W2_N.BPP 22 0.727
input/N1C3W2_O.BPP 21 1.547
input/N1C3W2_P.BPP 18 1.880
input/N1C3W2_Q.BPP 19 1.813
input/N1C3W2_R.BPP 19 1.681
input/N1C3W2_S.BPP 21 1.045
input/N1C3W2_T.BPP 22 1.143
input/N1C3W4_A.BPP 21 0.948
input/N1C3W4_B.BPP 22 0.444
input/N1C3W4_C.BPP 24 0.376
input/N1C3W4_D.BPP 21 0.494
input/N1C3W4_E.BPP 23 0.447
input/N1C3W4_F.BPP 21 0.830
input/N1C3W4_G.BPP 23 0.409
input/N1C3W4_H.BPP 23 0.485
input/N1C3W4_I.BPP 23 0.649
input/N1C3W4_J.BPP 22 0.717
input/N1C3W4_K.BPP 24 0.430
input/N1C3W4_L.BPP 20 1.167
input/N1C3W4_M.BPP 21 0.710
input/N1C3W4_N.BPP 21 0.683
input/N1C3W4_O.BPP 22 0.588
input/N1C3W4_P.BPP 25 0.242
input/N1C3W4_Q.BPP 25 0.356
input/N1C3W4_R.BPP 22 0.558
input/N1C3W4_S.BPP 22 0.552
input/N1C3W4_T.BPP 24 0.402
input/N2C1W1_A.BPP 48 2.523
input/N2C1W1_B.BPP 49 2.379
input/N2C1W1_C.BPP 46 4.503
input/N2C1W1_D.BPP 50 2.718
input/N2C1W1_E.BPP 58 1.390
input/N2C1W1_F.BPP 50 3.759
input/N2C1W1_G.BPP 60 1.589
input/N2C1W1_H.BPP 52 2.663
input/N2C1W1_I.BPP 62 0.971
input/N2C1W1_J.BPP 59 1.268
input/N2C1W1_K.BPP 55 1.076
input/N2C1W1_L.BPP 55 1.600
input/N2C1W1_M.BPP 46 4.032
input/N2C1W1_N.BPP 48 2.001
input/N2C1W1_O.BPP 48 3.902
input/N2C1W1_P.BPP 54 1.385
input/N2C1W1_Q.BPP 46 3.521
input/N2C1W1_R.BPP 56 1.218
input/N2C1W1_S.BPP 45 5.001
input/N2C1W1_T.BPP 52 2.467
input/N2C1W2_A.BPP 64 0.824
input/N2C1W2_B.BPP 61 0.993
input/N2C1W2_C.BPP 68 0.588
input/N2C1W2_D.BPP 74 0.535
input/N2C1W2_E.BPP 65 0.795
input/N2C1W2_F.BPP 65 0.867
input/N2C1W2_G.BPP 73 0.449
input/N2C1W2_H.BPP 70 0.569
input/N2C1W2_I.BPP 67 0.643
input/N2C1W2_J.BPP 67 0.589
input/N2C1W2_K.BPP 72 0.514
input/N2C1W2_L.BPP 62 0.790
input/N2C1W2_M.BPP 65 0.932
input/N2C1W2_N.BPP 64 0.917
input/N2C1W2_O.BPP 64 0.553
input/N2C1W2_P.BPP 68 0.593
input/N2C1W2_Q.BPP 65 0.957
input/N2C1W2_R.BPP 67 0.632
input/N2C1W2_S.BPP 66 0.569
input/N2C1W2_T.BPP 66 0.561
input/N2C1W4_A.BPP 73 0.586
input/N2C1W4_B.BPP 71 0.756
input/N2C1W4_C.BPP 77 0.702
input/N2C1W4_D.BPP 82 0.432
input/N2C1W4_E.BPP 73 0.588
input/N2C1W4_F.BPP 77 0.656
input/N2C1W4_G.BPP 71 0.513
input/N2C1W4_H.BPP 75 0.609
input/N2C1W4_I.BPP 73 0.554
input/N2C1W4_J.BPP 74 0.458
input/N2C1W4_K.BPP 70 0.484
input/N2C1W4_L.BPP 75 0.569
input/N2C1W4_M.BPP 72 0.604
input/N2C1W4_N.BPP 71 0.532
input/N2C1W4_O.BPP 80 0.547
input/N2C1W4_P.BPP 67 0.455
input/N2C1W4_Q.BPP 75 0.389
input/N2C1W4_R.BPP 70 0.552
input/N2C1W4_S.BPP 80 0.459
input/N2C1W4_T.BPP 70 0.548
input/N2C2W1_A.BPP 42 3.103
input/N2C2W1_B.BPP 50 2.006
input/N2C2W1_C.BPP 40 8.814
input/N2C2W1_D.BPP 42 6.003
input/N2C2W1_E.BPP 40 5.790
input/N2C2W1_F.BPP 49 1.752
input/N2C2W1_G.BPP 45 2.235
input/N2C2W1_H.BPP 46 2.426
input/N2C2W1_I.BPP 45 3.221
input/N2C2W1_J.BPP 42 6.073
input/N2C2W1_K.BPP 41 7.528
input/N2C2W1_L.BPP 49 1.613
input/N2C2W1_M.BPP 44 2.737
input/N2C2W1_N.BPP 43 4.877
input/N2C2W1_O.BPP 50 1.765
input/N2C2W1_P.BPP 46 2.728
input/N2C2W1_Q.BPP 49 1.684
input/N2C2W1_R.BPP 41 7.720
input/N2C2W1_S.BPP 43 2.917
input/N2C2W1_T.BPP 39 8.022
input/N2C2W2_A.BPP 52 0.923
input/N2C2W2_B.BPP 56 1.116
input/N2C2W2_C.BPP 53 1.159
input/N2C2W2_D.BPP 51 0.854
input/N2C2W2_E.BPP 54 1.093
input/N2C2W2_F.BPP 48 1.922
input/N2C2W2_G.BPP 53 1.141
input/N2C2W2_H.BPP 53 0.805
input/N2C2W2_I.BPP 49 1.730
input/N2C2W2_J.BPP 56 0.990
input/N2C2W2_K.BPP 50 1.454
input/N2C2W2_L.BPP 52 1.082
input/N2C2W2_M.BPP 54 0.975
input/N2C2W2_N.BPP 51 0.958
input/N2C2W2_O.BPP 50 1.734
input/N2C2W2_P.BPP 50 1.363
input/N2C2W2_Q.BPP 54 0.896
input/N2C2W2_R.BPP 51 1.444
input/N2C2W2_S.BPP 58 0.694
input/N2C2W2_T.BPP 56 0.694
input/N2C2W4_A.BPP 57 1.165
input/N2C2W4_B.BPP 60 0.704
input/N2C2W4_C.BPP 65 0.509
input/N2C2W4_D.BPP 61 0.697
input/N2C2W4_E.BPP 60 0.923
input/N2C2W4_F.BPP 57 0.868
input/N2C2W4_G.BPP 61 0.969
input/N2C2W4_H.BPP 61 0.793
input/N2C2W4_I.BPP 58 0.990
input/N2C2W4_J.BPP 60 0.600
input/N2C2W4_K.BPP 59 0.824
input/N2C2W4_L.BPP 57 0.890
input/N2C2W4_M.BPP 60 0.558
input/N2C2W4_N.BPP 63 0.695
input/N2C2W4_O.BPP 62 0.514
input/N2C2W4_P.BPP 60 0.920
input/N2C2W4_Q.BPP 62 0.612
input/N2C2W4_R.BPP 56 0.818
input/N2C2W4_S.BPP 55 0.763
input/N2C2W4_T.BPP 57 0.759
input/N2C3W1_A.BPP 35 8.012
input/N2C3W1_B.BPP 35 11.214
input/N2C3W1_C.BPP 35 8.329
input/N2C3W1_D.BPP 37 9.175
input/N2C3W1_E.BPP 34 13.238
input/N2C3W1_F.BPP 35 9.237
input/N2C3W1_G.BPP 33 9.688
input/N2C3W1_H.BPP 35 8.094
input/N2C3W1_I.BPP 34 10.569
input/N2C3W1_J.BPP 33 7.595
input/N2C3W1_K.BPP 36 9.989
input/N2C3W1_L.BPP 35 8.561
input/N2C3W1_M.BPP 31 10.622
input/N2C3W1_N.BPP 32 9.754
input/N2C3W1_O.BPP 35 9.195
input/N2C3W1_P.BPP 35 9.476
input/N2C3W1_Q.BPP 34 7.894
input/N2C3W1_R.BPP 33 9.242
input/N2C3W1_S.BPP 36 10.555
input/N2C3W1_T.BPP 35 8.857
input/N2C3W2_A.BPP 41 5.637
input/N2C3W2_B.BPP 43 4.710
input/N2C3W2_C.BPP 41 7.799
input/N2C3W2_D.BPP 41 6.024
input/N2C3W2_E.BPP 39 4.635
input/N2C3W2_F.BPP 39 8.153
input/N2C3W2_G.BPP 41 7.223
input/N2C3W2_H.BPP 38 7.189
input/N2C3W2_I.BPP 44 4.114
input/N2C3W2_J.BPP 43 4.067
input/N2C3W2_K.BPP 42 6.284
input/N2C3W2_L.BPP 41 3.611
input/N2C3W2_M.BPP 43 4.519
input/N2C3W2_N.BPP 41 5.982
input/N2C3W2_O.BPP 45 4.676
input/N2C3W2_P.BPP 41 7.492
input/N2C3W2_Q.BPP 41 5.460
input/N2C3W2_R.BPP 40 5.088
input/N2C3W2_S.BPP 43 2.644
input/N2C3W2_T.BPP 43 5.882
input/N2C3W4_A.BPP 43 4.118
input/N2C3W4_B.BPP 45 2.102
input/N2C3W4_C.BPP 42 5.498
input/N2C3W4_D.BPP 44 2.785
input/N2C3W4_E.BPP 47 0.965
input/N2C3W4_F.BPP 45 3.505
input/N2C3W4_G.BPP 44 3.655
input/N2C3W4_H.BPP 44 2.253
input/N2C3W4_I.BPP 44 3.516
input/N2C3W4_J.BPP 43 1.948
input/N2C3W4_K.BPP 47 2.027
input/N2C3W4_L.BPP 45 2.704
input/N2C3W4_M.BPP 44 4.498
input/N2C3W4_N.BPP 45 2.801
input/N2C3W4_O.BPP 45 2.370
input/N2C3W4_P.BPP 45 3.120
input/N2C3W4_Q.BPP 46 1.237
input/N2C3W4_R.BPP 42 5.499
input/N2C3W4_S.BPP 42 6.424
input/N2C3W4_T.BPP 46 1.061
input/N3C1W1_A.BPP 105 9.958
input/N3C1W1_B.BPP 114 10.993
input/N3C1W1_C.BPP 99 17.030
input/N3C1W1_D.BPP 108 10.728
input/N3C1W1_E.BPP 98 28.282
input/N3C1W1_F.BPP 113 9.546
input/N3C1W1_G.BPP 111 9.574
input/N3C1W1_H.BPP 104 15.087
input/N3C1W1_I.BPP 100 7.899
input/N3C1W1_J.BPP 108 8.523
input/N3C1W1_K.BPP 102 16.930
input/N3C1W1_L.BPP 97 18.173
input/N3C1W1_M.BPP 106 9.757
input/N3C1W1_N.BPP 93 30.346
input/N3C1W1_O.BPP 98 7.910
input/N3C1W1_P.BPP 108 7.302
input/N3C1W1_Q.BPP 98 24.058
input/N3C1W1_R.BPP 99 24.784
input/N3C1W1_S.BPP 100 12.782
input/N3C1W1_T.BPP 102 9.591
input/N3C1W2_A.BPP 125 2.187
input/N3C1W2_B.BPP 126 3.465
input/N3C1W2_C.BPP 125 4.900
input/N3C1W2_D.BPP 139 1.823
input/N3C1W2_E.BPP 132 2.736
input/N3C1W2_F.BPP 123 2.674
input/N3C1W2_G.BPP 132 4.288
input/N3C1W2_H.BPP 129 2.572
input/N3C1W2_I.BPP 126 2.117
input/N3C1W2_J.BPP 126 5.224
input/N3C1W2_K.BPP 120 5.383
input/N3C1W2_L.BPP 136 1.579
input/N3C1W2_M.BPP 136 2.511
input/N3C1W2_N.BPP 136 1.432
input/N3C1W2_O.BPP 127 2.301
input/N3C1W2_P.BPP 126 2.615
input/N3C1W2_Q.BPP 135 2.118
input/N3C1W2_R.BPP 123 7.112
input/N3C1W2_S.BPP 130 3.593
input/N3C1W2_T.BPP 136 2.367
input/N3C1W4_A.BPP 149 1.390
input/N3C1W4_B.BPP 149 2.614
input/N3C1W4_C.BPP 146 1.804
input/N3C1W4_D.BPP 148 1.505
input/N3C1W4_E.BPP 142 2.099
input/N3C1W4_F.BPP 140 3.493
input/N3C1W4_G.BPP 148 3.428
input/N3C1W4_H.BPP 141 3.964
input/N3C1W4_I.BPP 140 2.269
input/N3C1W4_J.BPP 142 1.667
input/N3C1W4_K.BPP 147 1.280
input/N3C1W4_L.BPP 148 2.738
input/N3C1W4_M.BPP 149 2.408
input/N3C1W4_N.BPP 148 3.271
input/N3C1W4_O.BPP 143 2.110
input/N3C1W4_P.BPP 143 1.506
input/N3C1W4_Q.BPP 146 1.651
input/N3C1W4_R.BPP 145 2.581
input/N3C1W4_S.BPP 145 2.096
input/N3C1W4_T.BPP 146 2.275
input/N3C2W1_A.BPP 91 21.122
input/N3C2W1_B.BPP 82 30.087
input/N3C2W1_C.BPP 84 42.625
input/N3C2W1_D.BPP 85 18.169
input/N3C2W1_E.BPP 87 18.751
input/N3C2W1_F.BPP 88 18.571
input/N3C2W1_G.BPP 87 31.776
input/N3C2W1_H.BPP 87 18.915
input/N3C2W1_I.BPP 87 34.198
input/N3C2W1_J.BPP 87 44.945
input/N3C2W1_K.BPP 77 124.376
input/N3C2W1_L.BPP 91 20.899
input/N3C2W1_M.BPP 85 14.151
input/N3C2W1_N.BPP 91 15.104
input/N3C2W1_O.BPP 82 26.530
input/N3C2W1_P.BPP 88 31.299
input/N3C2W1_Q.BPP 82 43.598
input/N3C2W1_R.BPP 82 31.039
input/N3C2W1_S.BPP 89 25.688
input/N3C2W1_T.BPP 83 28.756
input/N3C2W2_A.BPP 107 2.734
input/N3C2W2_B.BPP 105 4.949
input/N3C2W2_C.BPP 104 3.458
input/N3C2W2_D.BPP 107 4.438
input/N3C2W2_E.BPP 116 5.028
input/N3C2W2_F.BPP 106 4.041
input/N3C2W2_G.BPP 102 5.535
input/N3C2W2_H.BPP 117 2.420
input/N3C2W2_I.BPP 102 6.198
input/N3C2W2_J.BPP 107 7.918
input/N3C2W2_K.BPP 110 4.006
input/N3C2W2_L.BPP 105 3.337
input/toy1.inst 2 0.014
